0 info it worked if it ends with ok
1 verbose cli [ 'C:\\Program Files\\nodejs\\node.exe',
1 verbose cli   'C:\\Users\\mattp\\AppData\\Roaming\\npm\\node_modules\\npm\\bin\\npm-cli.js',
1 verbose cli   'run',
1 verbose cli   'ghpages' ]
2 info using npm@3.9.2
3 info using node@v4.4.3
4 verbose run-script [ 'preghpages', 'ghpages', 'postghpages' ]
5 info lifecycle getitdone@1.0.0~preghpages: getitdone@1.0.0
6 verbose lifecycle getitdone@1.0.0~preghpages: unsafe-perm in lifecycle true
7 verbose lifecycle getitdone@1.0.0~preghpages: PATH: C:\Users\mattp\AppData\Roaming\npm\node_modules\npm\bin\node-gyp-bin;C:\cygwin64\home\mattp\code\projects\2016\getitdone\node_modules\.bin;C:\Program Files\nodejs;C:\Users\mattp\bin;C:\Program Files\Git\mingw64\bin;C:\Program Files\Git\usr\local\bin;C:\Program Files\Git\usr\bin;C:\Program Files\Git\usr\bin;C:\Program Files\Git\mingw64\bin;C:\Program Files\Git\usr\bin;C:\Users\mattp\bin;C:\Program Files (x86)\Intel\iCLS Client;C:\Program Files\Intel\iCLS Client;C:\Windows\system32;C:\Windows;C:\Windows\System32\Wbem;C:\Windows\System32\WindowsPowerShell\v1.0;C:\Program Files (x86)\Intel\Intel(R) Management Engine Components\DAL;C:\Program Files\Intel\Intel(R) Management Engine Components\DAL;C:\Program Files (x86)\Intel\Intel(R) Management Engine Components\IPT;C:\Program Files\Intel\Intel(R) Management Engine Components\IPT;C:\Program Files (x86)\NVIDIA Corporation\PhysX\Common;C:\Program Files\Intel\WiFi\bin;C:\Program Files\Common Files\Intel\WirelessCommon;C:\Program Files (x86)\Skype\Phone;C:\WINDOWS\system32;C:\WINDOWS;C:\WINDOWS\System32\Wbem;C:\WINDOWS\System32\WindowsPowerShell\v1.0;C:\Program Files (x86)\Windows Kits\10\Windows Performance Toolkit;C:\Program Files\Java\jdk1.7.0_80\bin;C:\Program Files (x86)\Brackets\command;C:\Program Files\Git\cmd;C:\Program Files\nodejs;C:\Users\mattp\AppData\Roaming\npm;C:\Program Files\Git\usr\bin\vendor_perl;C:\Program Files\Git\usr\bin\core_perl
8 verbose lifecycle getitdone@1.0.0~preghpages: CWD: C:\cygwin64\home\mattp\code\projects\2016\getitdone
9 silly lifecycle getitdone@1.0.0~preghpages: Args: [ '/d /s /c',
9 silly lifecycle   'npm run build && rm -rf gh-pages && cp -r src gh-pages && cp index.html src/public/* gh-pages' ]
10 silly lifecycle getitdone@1.0.0~preghpages: Returned: code: 1  signal: null
11 info lifecycle getitdone@1.0.0~preghpages: Failed to exec preghpages script
12 verbose stack Error: getitdone@1.0.0 preghpages: `npm run build && rm -rf gh-pages && cp -r src gh-pages && cp index.html src/public/* gh-pages`
12 verbose stack Exit status 1
12 verbose stack     at EventEmitter.<anonymous> (C:\Users\mattp\AppData\Roaming\npm\node_modules\npm\lib\utils\lifecycle.js:245:16)
12 verbose stack     at emitTwo (events.js:87:13)
12 verbose stack     at EventEmitter.emit (events.js:172:7)
12 verbose stack     at ChildProcess.<anonymous> (C:\Users\mattp\AppData\Roaming\npm\node_modules\npm\lib\utils\spawn.js:24:14)
12 verbose stack     at emitTwo (events.js:87:13)
12 verbose stack     at ChildProcess.emit (events.js:172:7)
12 verbose stack     at maybeClose (internal/child_process.js:827:16)
12 verbose stack     at Process.ChildProcess._handle.onexit (internal/child_process.js:211:5)
13 verbose pkgid getitdone@1.0.0
14 verbose cwd C:\cygwin64\home\mattp\code\projects\2016\getitdone
15 error Windows_NT 10.0.10586
16 error argv "C:\\Program Files\\nodejs\\node.exe" "C:\\Users\\mattp\\AppData\\Roaming\\npm\\node_modules\\npm\\bin\\npm-cli.js" "run" "ghpages"
17 error node v4.4.3
18 error npm  v3.9.2
19 error code ELIFECYCLE
20 error getitdone@1.0.0 preghpages: `npm run build && rm -rf gh-pages && cp -r src gh-pages && cp index.html src/public/* gh-pages`
20 error Exit status 1
21 error Failed at the getitdone@1.0.0 preghpages script 'npm run build && rm -rf gh-pages && cp -r src gh-pages && cp index.html src/public/* gh-pages'.
21 error Make sure you have the latest version of node.js and npm installed.
21 error If you do, this is most likely a problem with the getitdone package,
21 error not with npm itself.
21 error Tell the author that this fails on your system:
21 error     npm run build && rm -rf gh-pages && cp -r src gh-pages && cp index.html src/public/* gh-pages
21 error You can get information on how to open an issue for this project with:
21 error     npm bugs getitdone
21 error Or if that isn't available, you can get their info via:
21 error     npm owner ls getitdone
21 error There is likely additional logging output above.
22 verbose exit [ 1, true ]
